[dotenv@17.3.1] injecting env (8) from .env -- tip: 🔐 prevent committing .env to code: https://dotenvx.com/precommit
[dotenv@17.3.1] injecting env (0) from .env -- tip: ⚙️  specify custom .env file path with { path: '/custom/path/.env' }
[dotenv@17.3.1] injecting env (0) from .env -- tip: ⚡️ secrets for agents: https://dotenvx.com/as2
[dotenv@17.3.1] injecting env (0) from .env -- tip: ⚙️  override existing env vars with { override: true }
Server is running on port 5000
Connected to Aiven MySQL database
Tables created or verified successfully
read ECONNRESET
read ECONNRESET
read ECONNRESET
read ECONNRESET
read ECONNRESET
read ECONNRESET
read ECONNRESET
read ECONNRESET
read ECONNRESET
read ECONNRESET
connect ETIMEDOUT
connect ETIMEDOUT
connect ETIMEDOUT
connect ETIMEDOUT
connect ETIMEDOUT
connect ETIMEDOUT
connect ETIMEDOUT
connect ETIMEDOUT
connect ETIMEDOUT
connect ETIMEDOUT
read ECONNRESET
read ECONNRESET
read ECONNRESET
read ECONNRESET
read ECONNRESET
read ECONNRESET
read ECONNRESET
read ECONNRESET
read ECONNRESET
read ECONNRESET
read ECONNRESET
read ECONNRESET
read ECONNRESET
read ECONNRESET
read ECONNRESET
read ECONNRESET
read ECONNRESET
read ECONNRESET
read ECONNRESET
read ECONNRESET
read ECONNRESET
read ECONNRESET
read ECONNRESET
read ECONNRESET
read ECONNRESET
read ECONNRESET
read ECONNRESET
read ECONNRESET
read ECONNRESET
read ECONNRESET
read ECONNRESET
read ECONNRESET
read ECONNRESET
read ECONNRESET
read ECONNRESET
